{
  "RSpec": {
    "coverage": {
      "/usr/src/app/models/user.rb": {
        "lines": [
          null,
          null,
          null,
          null,
          null,
          null,
          null,
          null,
          null,
          null,
          null,
          null,
          null,
          null,
          null,
          null,
          null,
          null,
          null,
          null,
          null,
          null,
          null,
          null,
          null,
          1,
          1,
          null,
          null,
          1,
          null,
          null,
          null,
          1,
          1,
          null,
          1,
          null,
          1,
          null,
          1,
          0,
          0,
          0,
          null,
          0,
          null,
          null,
          1,
          null,
          1,
          2,
          null,
          null
        ]
      },
      "/usr/src/app/models/application_record.rb": {
        "lines": [
          1,
          1,
          null
        ]
      },
      "/usr/src/app/helpers/application_helper.rb": {
        "lines": [
          1,
          null
        ]
      },
      "/usr/src/app/helpers/homepage_helper.rb": {
        "lines": [
          1,
          null
        ]
      },
      "/usr/src/app/helpers/recipes_helper.rb": {
        "lines": [
          1,
          null
        ]
      },
      "/usr/src/app/controllers/recipes_controller.rb": {
        "lines": [
          1,
          1,
          1,
          null,
          null,
          1,
          0,
          null,
          null,
          null,
          1,
          null,
          null,
          1,
          8,
          8,
          8,
          8,
          10,
          null,
          null,
          null,
          1,
          null,
          null,
          1,
          7,
          7,
          null,
          3,
          3,
          null,
          0,
          null,
          null,
          null,
          1,
          0,
          0,
          0,
          null,
          0,
          null,
          null,
          null,
          null,
          null,
          1,
          0,
          null,
          0,
          0,
          0,
          null,
          null,
          null,
          1,
          null,
          null,
          1,
          11,
          null,
          null,
          null,
          null,
          null,
          null,
          null,
          1,
          6,
          null,
          null,
          1,
          4,
          4,
          4,
          null,
          1,
          null,
          null,
          1,
          4,
          4,
          null,
          null,
          1,
          4,
          4,
          null,
          null,
          1,
          4,
          4,
          null,
          null,
          1,
          4,
          3,
          null,
          null,
          1,
          6,
          6,
          null,
          null,
          null,
          1,
          null,
          1,
          null,
          1,
          1,
          null,
          null,
          null,
          null,
          1,
          0,
          0,
          0,
          0,
          null,
          null,
          null,
          null,
          null,
          null,
          null
        ]
      },
      "/usr/src/app/controllers/application_controller.rb": {
        "lines": [
          1,
          1,
          null,
          1,
          1,
          1,
          null,
          1,
          null,
          1,
          null,
          1,
          26,
          null,
          0,
          null,
          null,
          1,
          0,
          0,
          null,
          null
        ]
      },
      "/usr/src/app/controllers/users/sessions_controller.rb": {
        "lines": [
          null,
          null,
          1,
          null,
          null,
          null,
          null,
          null,
          null,
          null,
          null,
          null,
          null,
          null,
          null,
          null,
          null,
          null,
          null,
          null,
          null,
          null,
          null,
          null,
          null,
          null,
          null
        ]
      },
      "/usr/src/app/models/recipe.rb": {
        "lines": [
          null,
          null,
          null,
          null,
          null,
          null,
          null,
          null,
          null,
          null,
          null,
          null,
          null,
          null,
          null,
          null,
          null,
          null,
          1,
          1,
          null,
          1,
          null,
          1,
          1,
          1,
          1,
          3,
          null,
          1,
          1,
          null,
          1,
          1,
          null,
          1,
          0,
          null,
          null,
          null,
          null
        ]
      },
      "/usr/src/app/models/role.rb": {
        "lines": [
          null,
          null,
          null,
          null,
          null,
          null,
          null,
          null,
          null,
          null,
          null,
          null,
          null,
          null,
          null,
          null,
          1,
          1,
          null,
          1,
          null,
          null,
          null,
          null,
          1,
          null,
          null,
          null,
          1,
          null
        ]
      },
      "/usr/src/app/services/ai_tools/recipe_parser.rb": {
        "lines": [
          null,
          null,
          1,
          null,
          1,
          1,
          1,
          null,
          1,
          0,
          0,
          0,
          null,
          null,
          1,
          0,
          0,
          null,
          0,
          null,
          null,
          1,
          null,
          1,
          null,
          0,
          null,
          null,
          null,
          null,
          null,
          null,
          1,
          0,
          null,
          0,
          null,
          null,
          null,
          null,
          null,
          null,
          null,
          1,
          0,
          null,
          null,
          0,
          null,
          null,
          1,
          0,
          0,
          null,
          null,
          null
        ]
      },
      "/usr/src/app/services/application_service.rb": {
        "lines": [
          null,
          null,
          null,
          1,
          1,
          28,
          null,
          null,
          1,
          0,
          null,
          null,
          1,
          0,
          null,
          null
        ]
      },
      "/usr/src/app/models/recipe_ingredient.rb": {
        "lines": [
          null,
          null,
          null,
          null,
          null,
          null,
          null,
          null,
          null,
          null,
          null,
          null,
          null,
          null,
          null,
          null,
          null,
          null,
          null,
          null,
          null,
          null,
          null,
          null,
          null,
          null,
          1,
          1,
          1,
          1,
          null,
          1,
          null,
          1,
          null
        ]
      },
      "/usr/src/app/models/recipe_step.rb": {
        "lines": [
          null,
          null,
          null,
          null,
          null,
          null,
          null,
          null,
          null,
          null,
          null,
          null,
          null,
          null,
          null,
          null,
          null,
          null,
          null,
          null,
          null,
          null,
          null,
          1,
          1,
          1,
          1,
          null,
          1,
          null,
          1,
          1,
          null
        ]
      },
      "/usr/src/app/models/ingredient.rb": {
        "lines": [
          null,
          null,
          null,
          null,
          null,
          null,
          null,
          null,
          null,
          null,
          null,
          null,
          null,
          null,
          null,
          null,
          null,
          null,
          1,
          1,
          null,
          1,
          null,
          9,
          null
        ]
      },
      "/usr/src/app/models/measurement_unit.rb": {
        "lines": [
          null,
          null,
          null,
          null,
          null,
          null,
          null,
          null,
          null,
          null,
          null,
          null,
          1,
          1,
          null,
          1,
          1,
          1,
          null,
          9,
          null
        ]
      },
      "/usr/src/app/services/recipe_importer/importer.rb": {
        "lines": [
          null,
          null,
          1,
          null,
          1,
          1,
          1,
          null,
          1,
          4,
          null,
          null,
          1,
          4,
          3,
          3,
          3,
          3,
          3,
          null,
          null,
          1,
          null,
          1,
          4,
          3,
          null,
          0,
          null,
          null,
          1,
          36,
          3,
          null,
          null,
          1,
          3,
          null,
          3,
          null,
          null,
          1,
          3,
          18,
          null,
          18,
          18,
          null,
          null,
          null,
          1,
          18,
          null,
          18,
          null,
          null,
          1,
          3,
          null,
          null,
          null
        ]
      },
      "/usr/src/app/services/recipe_importer/recipe_validator.rb": {
        "lines": [
          null,
          null,
          1,
          null,
          1,
          1,
          3,
          null,
          null,
          1,
          3,
          null,
          null,
          1,
          3,
          3,
          3,
          3,
          null,
          3,
          null,
          null,
          1,
          3,
          21,
          null,
          3,
          null,
          null,
          1,
          3,
          null,
          30,
          null,
          3,
          null,
          null,
          null
        ]
      },
      "/usr/src/app/services/recipe_importer/model_ingredient_assigner.rb": {
        "lines": [
          null,
          null,
          1,
          null,
          1,
          1,
          21,
          21,
          null,
          null,
          1,
          21,
          null,
          null,
          1,
          null,
          1,
          108,
          null,
          30,
          null,
          78,
          null,
          0,
          null,
          null,
          null,
          1,
          87,
          null,
          null,
          1,
          21,
          87,
          87,
          87,
          null,
          null,
          null,
          null,
          1,
          87,
          null,
          75,
          null,
          null,
          null,
          null
        ]
      },
      "/usr/src/app/models/recipe_step_ingredient.rb": {
        "lines": [
          null,
          null,
          null,
          null,
          null,
          null,
          null,
          null,
          null,
          null,
          null,
          null,
          null,
          null,
          null,
          null,
          null,
          null,
          null,
          null,
          null,
          null,
          null,
          null,
          null,
          null,
          1,
          1,
          1,
          1,
          null,
          1,
          null
        ]
      },
      "/usr/src/app/decorators/recipe_decorator.rb": {
        "lines": [
          null,
          null,
          null,
          1,
          1,
          6,
          3,
          null,
          0,
          null,
          null,
          1,
          6,
          null,
          3,
          null,
          null,
          null,
          1,
          6,
          null,
          3,
          null,
          null,
          null,
          1,
          6,
          null,
          3,
          null,
          null,
          1,
          null,
          1,
          3,
          null,
          null,
          null,
          1,
          0,
          null,
          null,
          1,
          12,
          null,
          null,
          null,
          null,
          null,
          null
        ]
      },
      "/usr/src/app/decorators/base_decorator.rb": {
        "lines": [
          null,
          null,
          1,
          null
        ]
      },
      "/usr/src/app/decorators/measurement_unit_decorator.rb": {
        "lines": [
          null,
          null,
          null,
          1,
          1,
          4,
          null,
          4,
          null,
          null
        ]
      },
      "/usr/src/app/controllers/api/v1/ingredients_controller.rb": {
        "lines": [
          null,
          null,
          1,
          1,
          1,
          1,
          2,
          2,
          1,
          null,
          1,
          null,
          1,
          null,
          null,
          null,
          1,
          null,
          1,
          2,
          null,
          null,
          null,
          null
        ]
      },
      "/usr/src/app/controllers/api/v1/measurement_units_controller.rb": {
        "lines": [
          null,
          null,
          1,
          1,
          1,
          1,
          2,
          2,
          1,
          null,
          1,
          null,
          1,
          null,
          null,
          null,
          1,
          null,
          1,
          2,
          null,
          null,
          null,
          null
        ]
      },
      "/usr/src/app/controllers/recipes/recipe_ingredients_controller.rb": {
        "lines": [
          0,
          0,
          0,
          0,
          0,
          0,
          0,
          0,
          null,
          0,
          0,
          0,
          0,
          0,
          null,
          0,
          0,
          0,
          0,
          0,
          0,
          0,
          null,
          0,
          0,
          null,
          0,
          null,
          0,
          0,
          0,
          0,
          0
        ],
        "branches": {
        }
      },
      "/usr/src/app/controllers/users/confirmations_controller.rb": {
        "lines": [
          null,
          null,
          0,
          null,
          null,
          null,
          null,
          null,
          null,
          null,
          null,
          null,
          null,
          null,
          null,
          null,
          null,
          null,
          null,
          null,
          null,
          null,
          null,
          null,
          null,
          null,
          null,
          null,
          null,
          0
        ],
        "branches": {
        }
      },
      "/usr/src/app/controllers/users/omniauth_callbacks_controller.rb": {
        "lines": [
          null,
          null,
          0,
          null,
          0,
          null,
          null,
          null,
          0,
          null,
          0,
          0,
          null,
          0,
          0,
          null,
          null,
          null,
          null,
          null,
          null,
          null,
          null,
          null,
          null,
          null,
          null,
          null,
          null,
          null,
          null,
          null,
          null,
          null,
          null,
          null,
          0,
          null,
          0,
          0,
          0,
          0,
          null,
          0,
          0,
          0,
          0,
          0,
          0
        ],
        "branches": {
        }
      },
      "/usr/src/app/controllers/users/passwords_controller.rb": {
        "lines": [
          null,
          null,
          0,
          0,
          null,
          null,
          null,
          null,
          null,
          null,
          null,
          null,
          null,
          null,
          null,
          null,
          null,
          null,
          null,
          null,
          null,
          null,
          null,
          null,
          null,
          null,
          null,
          null,
          null,
          null,
          null,
          null,
          null,
          null,
          0,
          0
        ],
        "branches": {
        }
      },
      "/usr/src/app/controllers/users/registrations_controller.rb": {
        "lines": [
          null,
          null,
          0,
          null,
          null,
          null,
          null,
          null,
          null,
          null,
          null,
          null,
          null,
          null,
          null,
          null,
          null,
          null,
          null,
          null,
          null,
          null,
          null,
          null,
          null,
          null,
          null,
          null,
          null,
          null,
          null,
          null,
          null,
          null,
          null,
          null,
          null,
          null,
          null,
          null,
          null,
          null,
          null,
          null,
          null,
          null,
          null,
          null,
          null,
          null,
          null,
          null,
          null,
          null,
          null,
          null,
          null,
          null,
          null,
          null,
          null,
          0
        ],
        "branches": {
        }
      },
      "/usr/src/app/controllers/users_controller.rb": {
        "lines": [
          0,
          0,
          0,
          0,
          null,
          0,
          0,
          0,
          null,
          0,
          0,
          0,
          0,
          0,
          0,
          0,
          null,
          0,
          null,
          0,
          0,
          0,
          null,
          0,
          0,
          0,
          null,
          0,
          0,
          0,
          null,
          0,
          0,
          0,
          0
        ],
        "branches": {
        }
      },
      "/usr/src/app/jobs/application_job.rb": {
        "lines": [
          0,
          null,
          null,
          null,
          null,
          null,
          0
        ],
        "branches": {
        }
      },
      "/usr/src/app/models/grocery_section.rb": {
        "lines": [
          null,
          null,
          null,
          null,
          null,
          null,
          null,
          null,
          null,
          null,
          0,
          0,
          null,
          0,
          0
        ],
        "branches": {
        }
      },
      "/usr/src/app/policies/application_policy.rb": {
        "lines": [
          null,
          null,
          0,
          0,
          null,
          0,
          0,
          0,
          0,
          null,
          0,
          0,
          0,
          null,
          0,
          0,
          0,
          null,
          0,
          0,
          0,
          null,
          0,
          0,
          0,
          null,
          0,
          0,
          0,
          null,
          0,
          0,
          0,
          null,
          0,
          0,
          0,
          null,
          0,
          0,
          0,
          0,
          0,
          null,
          0,
          0,
          0,
          null,
          0,
          null,
          0,
          0,
          0
        ],
        "branches": {
        }
      },
      "/usr/src/app/policies/user_policy.rb": {
        "lines": [
          0,
          0,
          0,
          0,
          null,
          0,
          0,
          0,
          null,
          0,
          0,
          0,
          null,
          0,
          0,
          0,
          null,
          0,
          0,
          0,
          0
        ],
        "branches": {
        }
      },
      "/usr/src/app/services/ai_tools/recipe_parser_instructions.rb": {
        "lines": [
          null,
          null,
          0,
          null,
          0,
          0,
          0,
          0,
          null,
          0,
          0,
          0,
          0,
          0,
          0,
          0,
          0,
          null,
          0,
          0,
          0,
          0,
          0,
          0,
          0,
          0,
          null,
          0,
          0,
          0,
          0,
          0,
          0,
          0,
          0,
          0,
          0,
          null,
          0,
          0,
          0,
          0,
          0,
          0,
          0,
          0,
          0,
          0,
          null,
          0,
          0,
          0,
          0,
          0,
          0,
          0,
          0,
          null,
          0,
          0,
          0,
          0,
          0,
          0,
          0,
          null,
          0,
          null,
          null,
          null,
          0,
          0,
          null,
          0,
          0,
          0,
          0,
          0,
          0,
          0,
          0,
          0,
          0,
          0,
          0,
          0
        ],
        "branches": {
        }
      }
    },
    "timestamp": 1706134364
  }
}
